<?xml version="1.0" encoding="UTF-8"?>
<testsuite xmlns:xsi="http://www.w3.org/2001/XMLSchema-instance" xsi:noNamespaceSchemaLocation="https://maven.apache.org/surefire/maven-surefire-plugin/xsd/surefire-test-report.xsd" name="db.ContextTest" time="8.638" tests="2" errors="0" skipped="0" failures="0">
  <properties>
[...]
</properties>
  <testcase name="contextUpWithTransaction" classname="db.ContextTest" time="8.506"/>
  <testcase name="contextUp" classname="db.ContextTest" time="0.001"/>
</testsuite>